Arguments: 
  /Users/brhamill/.nvm/versions/node/v14.2.0/bin/node /usr/local/Cellar/yarn/1.22.4/libexec/bin/yarn.js add typescript ts-node_dev express @types/express

PATH: 
  /Users/brhamill/google-cloud-sdk/bin:/usr/local/opt/gettext/bin:/Users/brhamill/.nvm/versions/node/v14.2.0/bin:/Library/Frameworks/Python.framework/Versions/3.9/bin:/usr/local/bin:/usr/bin:/bin:/usr/sbin:/sbin:/usr/local/go/bin:/usr/local/share/dotnet:~/.dotnet/tools:/Library/Apple/usr/bin:/Library/Frameworks/Mono.framework/Versions/Current/Commands:/Applications/Xamarin Workbooks.app/Contents/SharedSupport/path-bin:/Users/brhamill/google-cloud-sdk/bin:/usr/local/opt/gettext/bin:/Users/brhamill/.nvm/versions/node/v14.2.0/bin:/Library/Frameworks/Python.framework/Versions/3.9/bin:/users/brhamill/development/flutter/bin:/users/brhamill/development/mongodb/bin:/users/brhamill/development/flutter/bin:/users/brhamill/development/mongodb/bin

Yarn version: 
  1.22.4

Node version: 
  14.2.0

Platform: 
  darwin x64

Trace: 
  Error: https://registry.yarnpkg.com/ts-node_dev: Not found
      at Request.params.callback [as _callback] (/usr/local/Cellar/yarn/1.22.4/libexec/lib/cli.js:66987:18)
      at Request.self.callback (/usr/local/Cellar/yarn/1.22.4/libexec/lib/cli.js:140748:22)
      at Request.emit (events.js:315:20)
      at Request.<anonymous> (/usr/local/Cellar/yarn/1.22.4/libexec/lib/cli.js:141720:10)
      at Request.emit (events.js:315:20)
      at IncomingMessage.<anonymous> (/usr/local/Cellar/yarn/1.22.4/libexec/lib/cli.js:141642:12)
      at Object.onceWrapper (events.js:421:28)
      at IncomingMessage.emit (events.js:327:22)
      at endReadableNT (_stream_readable.js:1225:12)
      at processTicksAndRejections (internal/process/task_queues.js:84:21)

npm manifest: 
  {
    "name": "auth",
    "version": "1.0.0",
    "main": "index.js",
    "license": "MIT"
  }

yarn manifest: 
  No manifest

Lockfile: 
  No lockfile
